[INFO] Scanning for projects...
Downloading from central: https://repo.maven.apache.org/maven2/org/flywaydb/maven-metadata.xml
Downloading from central: https://repo.maven.apache.org/maven2/org/cyclonedx/maven-metadata.xml
Downloading from central: https://repo.maven.apache.org/maven2/org/springframework/boot/maven-metadata.xml
Downloading from central: https://repo.maven.apache.org/maven2/io/github/git-commit-id/maven-metadata.xml
Downloading from central: https://repo.maven.apache.org/maven2/org/jooq/maven-metadata.xml
Downloading from central: https://repo.maven.apache.org/maven2/org/liquibase/maven-metadata.xml
Downloading from central: https://repo.maven.apache.org/maven2/org/jetbrains/kotlin/maven-metadata.xml
Downloading from central: https://repo.maven.apache.org/maven2/org/graalvm/buildtools/maven-metadata.xml
Downloading from central: https://repo.maven.apache.org/maven2/org/apache/maven/plugins/maven-metadata.xml
Downloading from central: https://repo.maven.apache.org/maven2/org/codehaus/mojo/maven-metadata.xml
[WARNING] Could not transfer metadata org.springframework.boot/maven-metadata.xml from/to central (https://repo.maven.apache.org/maven2): (certificate_unknown) PKIX path building failed: sun.security.provider.certpath.SunCertPathBuilderException: unable to find valid certification path to requested target
[WARNING] Could not transfer metadata org.cyclonedx/maven-metadata.xml from/to central (https://repo.maven.apache.org/maven2): (certificate_unknown) PKIX path building failed: sun.security.provider.certpath.SunCertPathBuilderException: unable to find valid certification path to requested target
[WARNING] Could not transfer metadata org.flywaydb/maven-metadata.xml from/to central (https://repo.maven.apache.org/maven2): (certificate_unknown) PKIX path building failed: sun.security.provider.certpath.SunCertPathBuilderException: unable to find valid certification path to requested target
[WARNING] Could not transfer metadata io.github.git-commit-id/maven-metadata.xml from/to central (https://repo.maven.apache.org/maven2): (certificate_unknown) PKIX path building failed: sun.security.provider.certpath.SunCertPathBuilderException: unable to find valid certification path to requested target
[WARNING] Could not transfer metadata org.jooq/maven-metadata.xml from/to central (https://repo.maven.apache.org/maven2): (certificate_unknown) PKIX path building failed: sun.security.provider.certpath.SunCertPathBuilderException: unable to find valid certification path to requested target
[WARNING] Could not transfer metadata org.jetbrains.kotlin/maven-metadata.xml from/to central (https://repo.maven.apache.org/maven2): (certificate_unknown) PKIX path building failed: sun.security.provider.certpath.SunCertPathBuilderException: unable to find valid certification path to requested target
[WARNING] Could not transfer metadata org.liquibase/maven-metadata.xml from/to central (https://repo.maven.apache.org/maven2): (certificate_unknown) PKIX path building failed: sun.security.provider.certpath.SunCertPathBuilderException: unable to find valid certification path to requested target
[WARNING] Could not transfer metadata org.graalvm.buildtools/maven-metadata.xml from/to central (https://repo.maven.apache.org/maven2): (certificate_unknown) PKIX path building failed: sun.security.provider.certpath.SunCertPathBuilderException: unable to find valid certification path to requested target
[WARNING] Could not transfer metadata org.apache.maven.plugins/maven-metadata.xml from/to central (https://repo.maven.apache.org/maven2): (certificate_unknown) PKIX path building failed: sun.security.provider.certpath.SunCertPathBuilderException: unable to find valid certification path to requested target
[WARNING] Could not transfer metadata org.codehaus.mojo/maven-metadata.xml from/to central (https://repo.maven.apache.org/maven2): (certificate_unknown) PKIX path building failed: sun.security.provider.certpath.SunCertPathBuilderException: unable to find valid certification path to requested target
[WARNING] org.springframework.boot/maven-metadata.xml failed to transfer from https://repo.maven.apache.org/maven2 during a previous attempt. This failure was cached in the local repository and resolution will not be reattempted until the update interval of central has elapsed or updates are forced. Original error: Could not transfer metadata org.springframework.boot/maven-metadata.xml from/to central (https://repo.maven.apache.org/maven2): (certificate_unknown) PKIX path building failed: sun.security.provider.certpath.SunCertPathBuilderException: unable to find valid certification path to requested target
[WARNING] org.cyclonedx/maven-metadata.xml failed to transfer from https://repo.maven.apache.org/maven2 during a previous attempt. This failure was cached in the local repository and resolution will not be reattempted until the update interval of central has elapsed or updates are forced. Original error: Could not transfer metadata org.cyclonedx/maven-metadata.xml from/to central (https://repo.maven.apache.org/maven2): (certificate_unknown) PKIX path building failed: sun.security.provider.certpath.SunCertPathBuilderException: unable to find valid certification path to requested target
[WARNING] org.flywaydb/maven-metadata.xml failed to transfer from https://repo.maven.apache.org/maven2 during a previous attempt. This failure was cached in the local repository and resolution will not be reattempted until the update interval of central has elapsed or updates are forced. Original error: Could not transfer metadata org.flywaydb/maven-metadata.xml from/to central (https://repo.maven.apache.org/maven2): (certificate_unknown) PKIX path building failed: sun.security.provider.certpath.SunCertPathBuilderException: unable to find valid certification path to requested target
[WARNING] io.github.git-commit-id/maven-metadata.xml failed to transfer from https://repo.maven.apache.org/maven2 during a previous attempt. This failure was cached in the local repository and resolution will not be reattempted until the update interval of central has elapsed or updates are forced. Original error: Could not transfer metadata io.github.git-commit-id/maven-metadata.xml from/to central (https://repo.maven.apache.org/maven2): (certificate_unknown) PKIX path building failed: sun.security.provider.certpath.SunCertPathBuilderException: unable to find valid certification path to requested target
[WARNING] org.jooq/maven-metadata.xml failed to transfer from https://repo.maven.apache.org/maven2 during a previous attempt. This failure was cached in the local repository and resolution will not be reattempted until the update interval of central has elapsed or updates are forced. Original error: Could not transfer metadata org.jooq/maven-metadata.xml from/to central (https://repo.maven.apache.org/maven2): (certificate_unknown) PKIX path building failed: sun.security.provider.certpath.SunCertPathBuilderException: unable to find valid certification path to requested target
[WARNING] org.jetbrains.kotlin/maven-metadata.xml failed to transfer from https://repo.maven.apache.org/maven2 during a previous attempt. This failure was cached in the local repository and resolution will not be reattempted until the update interval of central has elapsed or updates are forced. Original error: Could not transfer metadata org.jetbrains.kotlin/maven-metadata.xml from/to central (https://repo.maven.apache.org/maven2): (certificate_unknown) PKIX path building failed: sun.security.provider.certpath.SunCertPathBuilderException: unable to find valid certification path to requested target
[WARNING] org.liquibase/maven-metadata.xml failed to transfer from https://repo.maven.apache.org/maven2 during a previous attempt. This failure was cached in the local repository and resolution will not be reattempted until the update interval of central has elapsed or updates are forced. Original error: Could not transfer metadata org.liquibase/maven-metadata.xml from/to central (https://repo.maven.apache.org/maven2): (certificate_unknown) PKIX path building failed: sun.security.provider.certpath.SunCertPathBuilderException: unable to find valid certification path to requested target
[WARNING] org.graalvm.buildtools/maven-metadata.xml failed to transfer from https://repo.maven.apache.org/maven2 during a previous attempt. This failure was cached in the local repository and resolution will not be reattempted until the update interval of central has elapsed or updates are forced. Original error: Could not transfer metadata org.graalvm.buildtools/maven-metadata.xml from/to central (https://repo.maven.apache.org/maven2): (certificate_unknown) PKIX path building failed: sun.security.provider.certpath.SunCertPathBuilderException: unable to find valid certification path to requested target
[WARNING] org.apache.maven.plugins/maven-metadata.xml failed to transfer from https://repo.maven.apache.org/maven2 during a previous attempt. This failure was cached in the local repository and resolution will not be reattempted until the update interval of central has elapsed or updates are forced. Original error: Could not transfer metadata org.apache.maven.plugins/maven-metadata.xml from/to central (https://repo.maven.apache.org/maven2): (certificate_unknown) PKIX path building failed: sun.security.provider.certpath.SunCertPathBuilderException: unable to find valid certification path to requested target
[WARNING] org.codehaus.mojo/maven-metadata.xml failed to transfer from https://repo.maven.apache.org/maven2 during a previous attempt. This failure was cached in the local repository and resolution will not be reattempted until the update interval of central has elapsed or updates are forced. Original error: Could not transfer metadata org.codehaus.mojo/maven-metadata.xml from/to central (https://repo.maven.apache.org/maven2): (certificate_unknown) PKIX path building failed: sun.security.provider.certpath.SunCertPathBuilderException: unable to find valid certification path to requested target
[INFO] 
[INFO] --------------------------< com.example:demo >--------------------------
[INFO] Building demo 0.0.1-SNAPSHOT
[INFO]   from pom.xml
[INFO] --------------------------------[ jar ]---------------------------------
[WARNING] org.springframework.boot/maven-metadata.xml failed to transfer from https://repo.maven.apache.org/maven2 during a previous attempt. This failure was cached in the local repository and resolution will not be reattempted until the update interval of central has elapsed or updates are forced. Original error: Could not transfer metadata org.springframework.boot/maven-metadata.xml from/to central (https://repo.maven.apache.org/maven2): (certificate_unknown) PKIX path building failed: sun.security.provider.certpath.SunCertPathBuilderException: unable to find valid certification path to requested target
[WARNING] org.cyclonedx/maven-metadata.xml failed to transfer from https://repo.maven.apache.org/maven2 during a previous attempt. This failure was cached in the local repository and resolution will not be reattempted until the update interval of central has elapsed or updates are forced. Original error: Could not transfer metadata org.cyclonedx/maven-metadata.xml from/to central (https://repo.maven.apache.org/maven2): (certificate_unknown) PKIX path building failed: sun.security.provider.certpath.SunCertPathBuilderException: unable to find valid certification path to requested target
[WARNING] org.flywaydb/maven-metadata.xml failed to transfer from https://repo.maven.apache.org/maven2 during a previous attempt. This failure was cached in the local repository and resolution will not be reattempted until the update interval of central has elapsed or updates are forced. Original error: Could not transfer metadata org.flywaydb/maven-metadata.xml from/to central (https://repo.maven.apache.org/maven2): (certificate_unknown) PKIX path building failed: sun.security.provider.certpath.SunCertPathBuilderException: unable to find valid certification path to requested target
[WARNING] io.github.git-commit-id/maven-metadata.xml failed to transfer from https://repo.maven.apache.org/maven2 during a previous attempt. This failure was cached in the local repository and resolution will not be reattempted until the update interval of central has elapsed or updates are forced. Original error: Could not transfer metadata io.github.git-commit-id/maven-metadata.xml from/to central (https://repo.maven.apache.org/maven2): (certificate_unknown) PKIX path building failed: sun.security.provider.certpath.SunCertPathBuilderException: unable to find valid certification path to requested target
[WARNING] org.jooq/maven-metadata.xml failed to transfer from https://repo.maven.apache.org/maven2 during a previous attempt. This failure was cached in the local repository and resolution will not be reattempted until the update interval of central has elapsed or updates are forced. Original error: Could not transfer metadata org.jooq/maven-metadata.xml from/to central (https://repo.maven.apache.org/maven2): (certificate_unknown) PKIX path building failed: sun.security.provider.certpath.SunCertPathBuilderException: unable to find valid certification path to requested target
[WARNING] org.jetbrains.kotlin/maven-metadata.xml failed to transfer from https://repo.maven.apache.org/maven2 during a previous attempt. This failure was cached in the local repository and resolution will not be reattempted until the update interval of central has elapsed or updates are forced. Original error: Could not transfer metadata org.jetbrains.kotlin/maven-metadata.xml from/to central (https://repo.maven.apache.org/maven2): (certificate_unknown) PKIX path building failed: sun.security.provider.certpath.SunCertPathBuilderException: unable to find valid certification path to requested target
[WARNING] org.liquibase/maven-metadata.xml failed to transfer from https://repo.maven.apache.org/maven2 during a previous attempt. This failure was cached in the local repository and resolution will not be reattempted until the update interval of central has elapsed or updates are forced. Original error: Could not transfer metadata org.liquibase/maven-metadata.xml from/to central (https://repo.maven.apache.org/maven2): (certificate_unknown) PKIX path building failed: sun.security.provider.certpath.SunCertPathBuilderException: unable to find valid certification path to requested target
[WARNING] org.graalvm.buildtools/maven-metadata.xml failed to transfer from https://repo.maven.apache.org/maven2 during a previous attempt. This failure was cached in the local repository and resolution will not be reattempted until the update interval of central has elapsed or updates are forced. Original error: Could not transfer metadata org.graalvm.buildtools/maven-metadata.xml from/to central (https://repo.maven.apache.org/maven2): (certificate_unknown) PKIX path building failed: sun.security.provider.certpath.SunCertPathBuilderException: unable to find valid certification path to requested target
[WARNING] org.apache.maven.plugins/maven-metadata.xml failed to transfer from https://repo.maven.apache.org/maven2 during a previous attempt. This failure was cached in the local repository and resolution will not be reattempted until the update interval of central has elapsed or updates are forced. Original error: Could not transfer metadata org.apache.maven.plugins/maven-metadata.xml from/to central (https://repo.maven.apache.org/maven2): (certificate_unknown) PKIX path building failed: sun.security.provider.certpath.SunCertPathBuilderException: unable to find valid certification path to requested target
[WARNING] org.codehaus.mojo/maven-metadata.xml failed to transfer from https://repo.maven.apache.org/maven2 during a previous attempt. This failure was cached in the local repository and resolution will not be reattempted until the update interval of central has elapsed or updates are forced. Original error: Could not transfer metadata org.codehaus.mojo/maven-metadata.xml from/to central (https://repo.maven.apache.org/maven2): (certificate_unknown) PKIX path building failed: sun.security.provider.certpath.SunCertPathBuilderException: unable to find valid certification path to requested target
[WARNING] org.springframework.boot/maven-metadata.xml failed to transfer from https://repo.maven.apache.org/maven2 during a previous attempt. This failure was cached in the local repository and resolution will not be reattempted until the update interval of central has elapsed or updates are forced. Original error: Could not transfer metadata org.springframework.boot/maven-metadata.xml from/to central (https://repo.maven.apache.org/maven2): (certificate_unknown) PKIX path building failed: sun.security.provider.certpath.SunCertPathBuilderException: unable to find valid certification path to requested target
[WARNING] org.cyclonedx/maven-metadata.xml failed to transfer from https://repo.maven.apache.org/maven2 during a previous attempt. This failure was cached in the local repository and resolution will not be reattempted until the update interval of central has elapsed or updates are forced. Original error: Could not transfer metadata org.cyclonedx/maven-metadata.xml from/to central (https://repo.maven.apache.org/maven2): (certificate_unknown) PKIX path building failed: sun.security.provider.certpath.SunCertPathBuilderException: unable to find valid certification path to requested target
[WARNING] org.flywaydb/maven-metadata.xml failed to transfer from https://repo.maven.apache.org/maven2 during a previous attempt. This failure was cached in the local repository and resolution will not be reattempted until the update interval of central has elapsed or updates are forced. Original error: Could not transfer metadata org.flywaydb/maven-metadata.xml from/to central (https://repo.maven.apache.org/maven2): (certificate_unknown) PKIX path building failed: sun.security.provider.certpath.SunCertPathBuilderException: unable to find valid certification path to requested target
[WARNING] io.github.git-commit-id/maven-metadata.xml failed to transfer from https://repo.maven.apache.org/maven2 during a previous attempt. This failure was cached in the local repository and resolution will not be reattempted until the update interval of central has elapsed or updates are forced. Original error: Could not transfer metadata io.github.git-commit-id/maven-metadata.xml from/to central (https://repo.maven.apache.org/maven2): (certificate_unknown) PKIX path building failed: sun.security.provider.certpath.SunCertPathBuilderException: unable to find valid certification path to requested target
[WARNING] org.jooq/maven-metadata.xml failed to transfer from https://repo.maven.apache.org/maven2 during a previous attempt. This failure was cached in the local repository and resolution will not be reattempted until the update interval of central has elapsed or updates are forced. Original error: Could not transfer metadata org.jooq/maven-metadata.xml from/to central (https://repo.maven.apache.org/maven2): (certificate_unknown) PKIX path building failed: sun.security.provider.certpath.SunCertPathBuilderException: unable to find valid certification path to requested target
[WARNING] org.jetbrains.kotlin/maven-metadata.xml failed to transfer from https://repo.maven.apache.org/maven2 during a previous attempt. This failure was cached in the local repository and resolution will not be reattempted until the update interval of central has elapsed or updates are forced. Original error: Could not transfer metadata org.jetbrains.kotlin/maven-metadata.xml from/to central (https://repo.maven.apache.org/maven2): (certificate_unknown) PKIX path building failed: sun.security.provider.certpath.SunCertPathBuilderException: unable to find valid certification path to requested target
[WARNING] org.liquibase/maven-metadata.xml failed to transfer from https://repo.maven.apache.org/maven2 during a previous attempt. This failure was cached in the local repository and resolution will not be reattempted until the update interval of central has elapsed or updates are forced. Original error: Could not transfer metadata org.liquibase/maven-metadata.xml from/to central (https://repo.maven.apache.org/maven2): (certificate_unknown) PKIX path building failed: sun.security.provider.certpath.SunCertPathBuilderException: unable to find valid certification path to requested target
[WARNING] org.graalvm.buildtools/maven-metadata.xml failed to transfer from https://repo.maven.apache.org/maven2 during a previous attempt. This failure was cached in the local repository and resolution will not be reattempted until the update interval of central has elapsed or updates are forced. Original error: Could not transfer metadata org.graalvm.buildtools/maven-metadata.xml from/to central (https://repo.maven.apache.org/maven2): (certificate_unknown) PKIX path building failed: sun.security.provider.certpath.SunCertPathBuilderException: unable to find valid certification path to requested target
[WARNING] org.apache.maven.plugins/maven-metadata.xml failed to transfer from https://repo.maven.apache.org/maven2 during a previous attempt. This failure was cached in the local repository and resolution will not be reattempted until the update interval of central has elapsed or updates are forced. Original error: Could not transfer metadata org.apache.maven.plugins/maven-metadata.xml from/to central (https://repo.maven.apache.org/maven2): (certificate_unknown) PKIX path building failed: sun.security.provider.certpath.SunCertPathBuilderException: unable to find valid certification path to requested target
[WARNING] org.codehaus.mojo/maven-metadata.xml failed to transfer from https://repo.maven.apache.org/maven2 during a previous attempt. This failure was cached in the local repository and resolution will not be reattempted until the update interval of central has elapsed or updates are forced. Original error: Could not transfer metadata org.codehaus.mojo/maven-metadata.xml from/to central (https://repo.maven.apache.org/maven2): (certificate_unknown) PKIX path building failed: sun.security.provider.certpath.SunCertPathBuilderException: unable to find valid certification path to requested target
[INFO] 
[INFO] >>> spring-boot:4.0.3:run (default-cli) > test-compile @ demo >>>
[INFO] 
[INFO] --- resources:3.3.1:resources (default-resources) @ demo ---
[INFO] Copying 1 resource from src\main\resources to target\classes
[INFO] Copying 0 resource from src\main\resources to target\classes
[INFO] 
[INFO] --- compiler:3.14.1:compile (default-compile) @ demo ---
[INFO] Nothing to compile - all classes are up to date.
[INFO] 
[INFO] --- resources:3.3.1:testResources (default-testResources) @ demo ---
[INFO] skip non existing resourceDirectory C:\Users\User\OneDrive\Desktop\TvojGrad\TvojGrad beckend\src\test\resources
[INFO] 
[INFO] --- compiler:3.14.1:testCompile (default-testCompile) @ demo ---
[INFO] Nothing to compile - all classes are up to date.
[INFO] 
[INFO] <<< spring-boot:4.0.3:run (default-cli) < test-compile @ demo <<<
[INFO] 
[INFO] 
[INFO] --- spring-boot:4.0.3:run (default-cli) @ demo ---
Downloading from central: https://repo.maven.apache.org/maven2/org/springframework/boot/spring-boot-buildpack-platform/4.0.3/spring-boot-buildpack-platform-4.0.3.jar
Downloading from central: https://repo.maven.apache.org/maven2/org/springframework/boot/spring-boot-loader-tools/4.0.3/spring-boot-loader-tools-4.0.3.jar
[INFO] ------------------------------------------------------------------------
[INFO] BUILD FAILURE
[INFO] ------------------------------------------------------------------------
[INFO] Total time:  3.880 s
[INFO] Finished at: 2026-06-01T23:53:22+02:00
[INFO] ------------------------------------------------------------------------
[ERROR] Failed to execute goal org.springframework.boot:spring-boot-maven-plugin:4.0.3:run (default-cli) on project demo: Execution default-cli of goal org.springframework.boot:spring-boot-maven-plugin:4.0.3:run failed: Plugin org.springframework.boot:spring-boot-maven-plugin:4.0.3 or one of its dependencies could not be resolved:
[ERROR] 	Could not transfer artifact org.springframework.boot:spring-boot-buildpack-platform:jar:4.0.3 from/to central (https://repo.maven.apache.org/maven2): (certificate_unknown) PKIX path building failed: sun.security.provider.certpath.SunCertPathBuilderException: unable to find valid certification path to requested target
[ERROR] 	Could not transfer artifact org.springframework.boot:spring-boot-loader-tools:jar:4.0.3 from/to central (https://repo.maven.apache.org/maven2): (certificate_unknown) PKIX path building failed: sun.security.provider.certpath.SunCertPathBuilderException: unable to find valid certification path to requested target
[ERROR] 
[ERROR] -> [Help 1]
[ERROR] 
[ERROR] To see the full stack trace of the errors, re-run Maven with the -e switch.
[ERROR] Re-run Maven using the -X switch to enable full debug logging.
[ERROR] 
[ERROR] For more information about the errors and possible solutions, please read the following articles:
[ERROR] [Help 1] http://cwiki.apache.org/confluence/display/MAVEN/PluginResolutionException
