
  .   ____          _            __ _ _
 /\\ / ___'_ __ _ _(_)_ __  __ _ \ \ \ \
( ( )\___ | '_ | '_| | '_ \/ _` | \ \ \ \
 \\/  ___)| |_)| | | | | || (_| |  ) ) ) )
  '  |____| .__|_| |_|_| |_\__, | / / / /
 =========|_|==============|___/=/_/_/_/

 :: Spring Boot ::                (v4.0.3)

2026-05-28T13:39:44.656+02:00  INFO 7240 --- [TvojGrad] [           main] c.TvojGrad.TvojGrad.TvojGradApplication  : Starting TvojGradApplication using Java 17.0.19 with PID 7240 (C:\Users\User\OneDrive\Desktop\TvojGrad\TvojGrad beckend\target\classes started by User in C:\Users\User\OneDrive\Desktop\TvojGrad)
2026-05-28T13:39:44.669+02:00  INFO 7240 --- [TvojGrad] [           main] c.TvojGrad.TvojGrad.TvojGradApplication  : No active profile set, falling back to 1 default profile: "default"
2026-05-28T13:39:46.036+02:00  INFO 7240 --- [TvojGrad] [           main] o.s.boot.tomcat.TomcatWebServer          : Tomcat initialized with port 8081 (http)
2026-05-28T13:39:46.049+02:00  INFO 7240 --- [TvojGrad] [           main] o.apache.catalina.core.StandardService   : Starting service [Tomcat]
2026-05-28T13:39:46.049+02:00  INFO 7240 --- [TvojGrad] [           main] o.apache.catalina.core.StandardEngine    : Starting Servlet engine: [Apache Tomcat/11.0.18]
2026-05-28T13:39:46.115+02:00  INFO 7240 --- [TvojGrad] [           main] b.w.c.s.WebApplicationContextInitializer : Root WebApplicationContext: initialization completed in 1366 ms
2026-05-28T13:39:47.395+02:00  INFO 7240 --- [TvojGrad] [           main] o.s.m.s.b.SimpleBrokerMessageHandler     : Starting...
2026-05-28T13:39:47.398+02:00  INFO 7240 --- [TvojGrad] [           main] o.s.m.s.b.SimpleBrokerMessageHandler     : BrokerAvailabilityEvent[available=true, SimpleBrokerMessageHandler [org.springframework.messaging.simp.broker.DefaultSubscriptionRegistry@19b206ee]]
2026-05-28T13:39:47.402+02:00  INFO 7240 --- [TvojGrad] [           main] o.s.m.s.b.SimpleBrokerMessageHandler     : Started.
2026-05-28T13:39:47.515+02:00  INFO 7240 --- [TvojGrad] [           main] o.s.boot.tomcat.TomcatWebServer          : Tomcat started on port 8081 (http) with context path '/'
2026-05-28T13:39:47.537+02:00  INFO 7240 --- [TvojGrad] [           main] c.TvojGrad.TvojGrad.TvojGradApplication  : Started TvojGradApplication in 3.531 seconds (process running for 4.062)
2026-05-28T13:39:56.010+02:00  INFO 7240 --- [TvojGrad] [nio-8081-exec-1] o.a.c.c.C.[Tomcat].[localhost].[/]       : Initializing Spring DispatcherServlet 'dispatcherServlet'
2026-05-28T13:39:56.012+02:00  INFO 7240 --- [TvojGrad] [nio-8081-exec-1] o.s.web.servlet.DispatcherServlet        : Initializing Servlet 'dispatcherServlet'
2026-05-28T13:39:56.014+02:00  INFO 7240 --- [TvojGrad] [nio-8081-exec-1] o.s.web.servlet.DispatcherServlet        : Completed initialization in 2 ms
