
> tvojgrad-app@0.0.0 dev
> vite --host 127.0.0.1 --port 5173

[2m4:42:02 PM[22m [36m[1m[vite][22m[39m [90m[2m(client)[22m[39m Re-optimizing dependencies because vite config has changed

  [32m[1mVITE[22m v8.0.14[39m  [2mready in [0m[1m513[22m[2m[0m ms[22m

  [32m➜[39m  [1mLocal[22m:   [36mhttp://127.0.0.1:[1m5173[22m/[39m
[2m[32m  ➜[39m[22m[2m  press [22m[1mh + enter[22m[2m to show help[22m
[2m4:44:02 PM[22m [36m[1m[vite][22m[39m [90m[2m(client)[22m[39m [32mhmr update [39m[2m/src/components/Nav.jsx[22m
[2m4:49:13 PM[22m [36m[1m[vite][22m[39m [90m[2m(client)[22m[39m [32mhmr update [39m[2m/src/TvojGrad.jsx, /src/pages/FavoritesPage.jsx, /src/pages/DetailPage.jsx, /src/pages/PopularPage.jsx, /src/pages/HomePage.jsx, /src/pages/ProfilePage.jsx[22m
[2m4:49:29 PM[22m [36m[1m[vite][22m[39m [90m[2m(client)[22m[39m [32mhmr update [39m[2m/src/TvojGrad.jsx[22m
[2m4:49:42 PM[22m [36m[1m[vite][22m[39m [90m[2m(client)[22m[39m [32mhmr update [39m[2m/src/pages/HomePage.jsx[22m
[2m4:49:46 PM[22m [36m[1m[vite][22m[39m [90m[2m(client)[22m[39m [32mhmr update [39m[2m/src/pages/HomePage.jsx[22m
[2m4:50:00 PM[22m [36m[1m[vite][22m[39m [90m[2m(client)[22m[39m [32mhmr update [39m[2m/src/TvojGrad.jsx[22m
[2m4:51:00 PM[22m [36m[1m[vite][22m[39m [90m[2m(client)[22m[39m [32mhmr update [39m[2m/src/components/Nav.jsx[22m
[2m4:51:22 PM[22m [36m[1m[vite][22m[39m [90m[2m(client)[22m[39m [32mhmr update [39m[2m/src/TvojGrad.jsx[22m
[2m4:52:17 PM[22m [36m[1m[vite][22m[39m [90m[2m(client)[22m[39m [32mhmr update [39m[2m/src/TvojGrad.jsx[22m
[2m4:52:58 PM[22m [36m[1m[vite][22m[39m [90m[2m(client)[22m[39m [32mhmr update [39m[2m/src/TvojGrad.jsx[22m
[2m4:54:45 PM[22m [36m[1m[vite][22m[39m [90m[2m(client)[22m[39m [32mhmr update [39m[2m/src/components/Nav.jsx[22m
[2m4:55:05 PM[22m [36m[1m[vite][22m[39m [90m[2m(client)[22m[39m [32mhmr update [39m[2m/src/TvojGrad.jsx[22m
[2m4:55:15 PM[22m [36m[1m[vite][22m[39m [90m[2m(client)[22m[39m [32mhmr update [39m[2m/src/TvojGrad.jsx[22m
[2m4:56:06 PM[22m [36m[1m[vite][22m[39m [90m[2m(client)[22m[39m [32mhmr update [39m[2m/src/TvojGrad.jsx[22m
[2m4:56:35 PM[22m [36m[1m[vite][22m[39m [90m[2m(client)[22m[39m [32mhmr update [39m[2m/src/pages/DetailPage.jsx[22m
[2m4:57:04 PM[22m [36m[1m[vite][22m[39m [90m[2m(client)[22m[39m [32mhmr update [39m[2m/src/TvojGrad.jsx[22m
[2m4:58:29 PM[22m [36m[1m[vite][22m[39m [90m[2m(client)[22m[39m [32mhmr update [39m[2m/src/TvojGrad.jsx[22m
[2m5:02:50 PM[22m [36m[1m[vite][22m[39m [90m[2m(client)[22m[39m [32mhmr update [39m[2m/src/pages/ProfilePage.jsx[22m
[2m5:02:58 PM[22m [36m[1m[vite][22m[39m [90m[2m(client)[22m[39m [32mhmr update [39m[2m/src/TvojGrad.jsx[22m
[2m5:06:36 PM[22m [36m[1m[vite][22m[39m [90m[2m(client)[22m[39m [32mhmr update [39m[2m/src/pages/AuthPage.jsx[22m
[2m5:06:46 PM[22m [36m[1m[vite][22m[39m [90m[2m(client)[22m[39m [32mhmr update [39m[2m/src/TvojGrad.jsx, /src/pages/FavoritesPage.jsx, /src/pages/DetailPage.jsx, /src/pages/PopularPage.jsx, /src/pages/HomePage.jsx, /src/pages/ProfilePage.jsx[22m
[2m5:06:56 PM[22m [36m[1m[vite][22m[39m [90m[2m(client)[22m[39m [32mhmr update [39m[2m/src/pages/AdminPage.jsx[22m
[2m5:07:02 PM[22m [36m[1m[vite][22m[39m [90m[2m(client)[22m[39m [32mhmr update [39m[2m/src/TvojGrad.jsx[22m
