[2m4:42:23 PM[22m [31m[1m[vite][22m[39m [31m[2m(client)[22m[39m [2m[console.error] [22mGreska pri ucitavanju dogadjaja: TypeError: Failed to fetch
    at fetchEvents (http://localhost:5173/src/api.js:72:25)
    at loadEvents (http://localhost:5173/src/pages/HomePage.jsx:36:32)
    at http://localhost:5173/src/pages/HomePage.jsx:27:3
    at Object.react_stack_bottom_frame (http://localhost:5173/node_modules/.vite/deps/react-dom_client.js?v=0c1ace27:12904:13)
    at runWithFiberInDEV (http://localhost:5173/node_modules/.vite/deps/react-dom_client.js?v=0c1ace27:851:66)
    at commitHookEffectListMount (http://localhost:5173/node_modules/.vite/deps/react-dom_client.js?v=0c1ace27:6617:153)
    at commitHookPassiveMountEffects (http://localhost:5173/node_modules/.vite/deps/react-dom_client.js?v=0c1ace27:6652:55)
    at commitPassiveMountOnFiber (http://localhost:5173/node_modules/.vite/deps/react-dom_client.js?v=0c1ace27:7618:22)
    at recursivelyTraversePassiveMountEffects (http://localhost:5173/node_modules/.vite/deps/react-dom_client.js?v=0c1ace27:7606:5)
    at commitPassiveMountOnFiber (http://localhost:5173/node_modules/.vite/deps/react-dom_client.js?v=0c1ace27:7672:14)
[2m4:42:23 PM[22m [31m[1m[vite][22m[39m [31m[2m(client)[22m[39m [2m[console.error] [22mGreska pri ucitavanju omiljenih: TypeError: Failed to fetch
    at fetchFavorites (http://localhost:5173/src/pages/HomePage.jsx:54:27)
    at http://localhost:5173/src/pages/HomePage.jsx:31:4
    at Object.react_stack_bottom_frame (http://localhost:5173/node_modules/.vite/deps/react-dom_client.js?v=0c1ace27:12904:13)
    at runWithFiberInDEV (http://localhost:5173/node_modules/.vite/deps/react-dom_client.js?v=0c1ace27:851:66)
    at commitHookEffectListMount (http://localhost:5173/node_modules/.vite/deps/react-dom_client.js?v=0c1ace27:6617:153)
    at commitHookPassiveMountEffects (http://localhost:5173/node_modules/.vite/deps/react-dom_client.js?v=0c1ace27:6652:55)
    at commitPassiveMountOnFiber (http://localhost:5173/node_modules/.vite/deps/react-dom_client.js?v=0c1ace27:7618:22)
    at recursivelyTraversePassiveMountEffects (http://localhost:5173/node_modules/.vite/deps/react-dom_client.js?v=0c1ace27:7606:5)
    at commitPassiveMountOnFiber (http://localhost:5173/node_modules/.vite/deps/react-dom_client.js?v=0c1ace27:7672:14)
    at recursivelyTraversePassiveMountEffects (http://localhost:5173/node_modules/.vite/deps/react-dom_client.js?v=0c1ace27:7606:5)
[2m4:42:23 PM[22m [31m[1m[vite][22m[39m [31m[2m(client)[22m[39m [2m[console.error] [22mGreska pri ucitavanju dogadjaja: TypeError: Failed to fetch
    at fetchEvents (http://127.0.0.1:5173/src/api.js:72:25)
    at loadEvents (http://127.0.0.1:5173/src/pages/HomePage.jsx:36:32)
    at http://127.0.0.1:5173/src/pages/HomePage.jsx:27:3
    at Object.react_stack_bottom_frame (http://127.0.0.1:5173/node_modules/.vite/deps/react-dom_client.js?v=0c1ace27:12904:13)
    at runWithFiberInDEV (http://127.0.0.1:5173/node_modules/.vite/deps/react-dom_client.js?v=0c1ace27:851:66)
    at commitHookEffectListMount (http://127.0.0.1:5173/node_modules/.vite/deps/react-dom_client.js?v=0c1ace27:6617:153)
    at commitHookPassiveMountEffects (http://127.0.0.1:5173/node_modules/.vite/deps/react-dom_client.js?v=0c1ace27:6652:55)
    at commitPassiveMountOnFiber (http://127.0.0.1:5173/node_modules/.vite/deps/react-dom_client.js?v=0c1ace27:7618:22)
    at recursivelyTraversePassiveMountEffects (http://127.0.0.1:5173/node_modules/.vite/deps/react-dom_client.js?v=0c1ace27:7606:5)
    at commitPassiveMountOnFiber (http://127.0.0.1:5173/node_modules/.vite/deps/react-dom_client.js?v=0c1ace27:7672:14)
[2m4:42:25 PM[22m [31m[1m[vite][22m[39m [31m[2m(client)[22m[39m [2m[console.error] [22mGreska pri ucitavanju dogadjaja: TypeError: Failed to fetch
    at fetchEvents (http://localhost:5173/src/api.js:72:25)
    at loadEvents (http://localhost:5173/src/pages/HomePage.jsx:36:32)
    at http://localhost:5173/src/pages/HomePage.jsx:27:3
    at Object.react_stack_bottom_frame (http://localhost:5173/node_modules/.vite/deps/react-dom_client.js?v=0c1ace27:12904:13)
    at runWithFiberInDEV (http://localhost:5173/node_modules/.vite/deps/react-dom_client.js?v=0c1ace27:851:66)
    at commitHookEffectListMount (http://localhost:5173/node_modules/.vite/deps/react-dom_client.js?v=0c1ace27:6617:153)
    at commitHookPassiveMountEffects (http://localhost:5173/node_modules/.vite/deps/react-dom_client.js?v=0c1ace27:6652:55)
    at reconnectPassiveEffects (http://localhost:5173/node_modules/.vite/deps/react-dom_client.js?v=0c1ace27:7701:6)
    at recursivelyTraverseReconnectPassiveEffects (http://localhost:5173/node_modules/.vite/deps/react-dom_client.js?v=0c1ace27:7688:5)
    at reconnectPassiveEffects (http://localhost:5173/node_modules/.vite/deps/react-dom_client.js?v=0c1ace27:7713:14)
[2m4:42:25 PM[22m [31m[1m[vite][22m[39m [31m[2m(client)[22m[39m [2m[console.error] [22mGreska pri ucitavanju omiljenih: TypeError: Failed to fetch
    at fetchFavorites (http://localhost:5173/src/pages/HomePage.jsx:54:27)
    at http://localhost:5173/src/pages/HomePage.jsx:31:4
    at Object.react_stack_bottom_frame (http://localhost:5173/node_modules/.vite/deps/react-dom_client.js?v=0c1ace27:12904:13)
    at runWithFiberInDEV (http://localhost:5173/node_modules/.vite/deps/react-dom_client.js?v=0c1ace27:851:66)
    at commitHookEffectListMount (http://localhost:5173/node_modules/.vite/deps/react-dom_client.js?v=0c1ace27:6617:153)
    at commitHookPassiveMountEffects (http://localhost:5173/node_modules/.vite/deps/react-dom_client.js?v=0c1ace27:6652:55)
    at reconnectPassiveEffects (http://localhost:5173/node_modules/.vite/deps/react-dom_client.js?v=0c1ace27:7701:6)
    at recursivelyTraverseReconnectPassiveEffects (http://localhost:5173/node_modules/.vite/deps/react-dom_client.js?v=0c1ace27:7688:5)
    at reconnectPassiveEffects (http://localhost:5173/node_modules/.vite/deps/react-dom_client.js?v=0c1ace27:7713:14)
    at recursivelyTraverseReconnectPassiveEffects (http://localhost:5173/node_modules/.vite/deps/react-dom_client.js?v=0c1ace27:7688:5)
[2m4:42:26 PM[22m [31m[1m[vite][22m[39m [31m[2m(client)[22m[39m [2m[console.error] [22mGreska pri ucitavanju dogadjaja: TypeError: Failed to fetch
    at fetchEvents (http://127.0.0.1:5173/src/api.js:72:25)
    at loadEvents (http://127.0.0.1:5173/src/pages/HomePage.jsx:36:32)
    at http://127.0.0.1:5173/src/pages/HomePage.jsx:27:3
    at Object.react_stack_bottom_frame (http://127.0.0.1:5173/node_modules/.vite/deps/react-dom_client.js?v=0c1ace27:12904:13)
    at runWithFiberInDEV (http://127.0.0.1:5173/node_modules/.vite/deps/react-dom_client.js?v=0c1ace27:851:66)
    at commitHookEffectListMount (http://127.0.0.1:5173/node_modules/.vite/deps/react-dom_client.js?v=0c1ace27:6617:153)
    at commitHookPassiveMountEffects (http://127.0.0.1:5173/node_modules/.vite/deps/react-dom_client.js?v=0c1ace27:6652:55)
    at reconnectPassiveEffects (http://127.0.0.1:5173/node_modules/.vite/deps/react-dom_client.js?v=0c1ace27:7701:6)
    at recursivelyTraverseReconnectPassiveEffects (http://127.0.0.1:5173/node_modules/.vite/deps/react-dom_client.js?v=0c1ace27:7688:5)
    at reconnectPassiveEffects (http://127.0.0.1:5173/node_modules/.vite/deps/react-dom_client.js?v=0c1ace27:7713:14)
[2m4:42:50 PM[22m [31m[1m[vite][22m[39m [31m[2m(client)[22m[39m [2m[console.error] [22mGreska pri ucitavanju dogadjaja: TypeError: Failed to fetch
    at fetchEvents (http://127.0.0.1:5173/src/api.js:72:25)
    at loadEvents (http://127.0.0.1:5173/src/pages/HomePage.jsx:36:32)
    at http://127.0.0.1:5173/src/pages/HomePage.jsx:27:3
    at Object.react_stack_bottom_frame (http://127.0.0.1:5173/node_modules/.vite/deps/react-dom_client.js?v=0c1ace27:12904:13)
    at runWithFiberInDEV (http://127.0.0.1:5173/node_modules/.vite/deps/react-dom_client.js?v=0c1ace27:851:66)
    at commitHookEffectListMount (http://127.0.0.1:5173/node_modules/.vite/deps/react-dom_client.js?v=0c1ace27:6617:153)
    at commitHookPassiveMountEffects (http://127.0.0.1:5173/node_modules/.vite/deps/react-dom_client.js?v=0c1ace27:6652:55)
    at commitPassiveMountOnFiber (http://127.0.0.1:5173/node_modules/.vite/deps/react-dom_client.js?v=0c1ace27:7618:22)
    at recursivelyTraversePassiveMountEffects (http://127.0.0.1:5173/node_modules/.vite/deps/react-dom_client.js?v=0c1ace27:7606:5)
    at commitPassiveMountOnFiber (http://127.0.0.1:5173/node_modules/.vite/deps/react-dom_client.js?v=0c1ace27:7672:14)
[2m4:42:53 PM[22m [31m[1m[vite][22m[39m [31m[2m(client)[22m[39m [2m[console.error] [22mGreska pri ucitavanju dogadjaja: TypeError: Failed to fetch
    at fetchEvents (http://127.0.0.1:5173/src/api.js:72:25)
    at loadEvents (http://127.0.0.1:5173/src/pages/HomePage.jsx:36:32)
    at http://127.0.0.1:5173/src/pages/HomePage.jsx:27:3
    at Object.react_stack_bottom_frame (http://127.0.0.1:5173/node_modules/.vite/deps/react-dom_client.js?v=0c1ace27:12904:13)
    at runWithFiberInDEV (http://127.0.0.1:5173/node_modules/.vite/deps/react-dom_client.js?v=0c1ace27:851:66)
    at commitHookEffectListMount (http://127.0.0.1:5173/node_modules/.vite/deps/react-dom_client.js?v=0c1ace27:6617:153)
    at commitHookPassiveMountEffects (http://127.0.0.1:5173/node_modules/.vite/deps/react-dom_client.js?v=0c1ace27:6652:55)
    at reconnectPassiveEffects (http://127.0.0.1:5173/node_modules/.vite/deps/react-dom_client.js?v=0c1ace27:7701:6)
    at recursivelyTraverseReconnectPassiveEffects (http://127.0.0.1:5173/node_modules/.vite/deps/react-dom_client.js?v=0c1ace27:7688:5)
    at reconnectPassiveEffects (http://127.0.0.1:5173/node_modules/.vite/deps/react-dom_client.js?v=0c1ace27:7713:14)
[2m4:44:10 PM[22m [31m[1m[vite][22m[39m [31m[2m(client)[22m[39m [2m[console.error] [22mGreska pri ucitavanju dogadjaja: TypeError: Failed to fetch
    at fetchEvents (http://localhost:5173/src/api.js:72:25)
    at loadEvents (http://localhost:5173/src/pages/HomePage.jsx:36:32)
    at http://localhost:5173/src/pages/HomePage.jsx:27:3
    at Object.react_stack_bottom_frame (http://localhost:5173/node_modules/.vite/deps/react-dom_client.js?v=0c1ace27:12904:13)
    at runWithFiberInDEV (http://localhost:5173/node_modules/.vite/deps/react-dom_client.js?v=0c1ace27:851:66)
    at commitHookEffectListMount (http://localhost:5173/node_modules/.vite/deps/react-dom_client.js?v=0c1ace27:6617:153)
    at commitHookPassiveMountEffects (http://localhost:5173/node_modules/.vite/deps/react-dom_client.js?v=0c1ace27:6652:55)
    at commitPassiveMountOnFiber (http://localhost:5173/node_modules/.vite/deps/react-dom_client.js?v=0c1ace27:7618:22)
    at recursivelyTraversePassiveMountEffects (http://localhost:5173/node_modules/.vite/deps/react-dom_client.js?v=0c1ace27:7606:5)
    at commitPassiveMountOnFiber (http://localhost:5173/node_modules/.vite/deps/react-dom_client.js?v=0c1ace27:7672:14)
[2m4:44:10 PM[22m [31m[1m[vite][22m[39m [31m[2m(client)[22m[39m [2m[console.error] [22mGreska pri ucitavanju omiljenih: TypeError: Failed to fetch
    at fetchFavorites (http://localhost:5173/src/pages/HomePage.jsx:54:27)
    at http://localhost:5173/src/pages/HomePage.jsx:31:4
    at Object.react_stack_bottom_frame (http://localhost:5173/node_modules/.vite/deps/react-dom_client.js?v=0c1ace27:12904:13)
    at runWithFiberInDEV (http://localhost:5173/node_modules/.vite/deps/react-dom_client.js?v=0c1ace27:851:66)
    at commitHookEffectListMount (http://localhost:5173/node_modules/.vite/deps/react-dom_client.js?v=0c1ace27:6617:153)
    at commitHookPassiveMountEffects (http://localhost:5173/node_modules/.vite/deps/react-dom_client.js?v=0c1ace27:6652:55)
    at commitPassiveMountOnFiber (http://localhost:5173/node_modules/.vite/deps/react-dom_client.js?v=0c1ace27:7618:22)
    at recursivelyTraversePassiveMountEffects (http://localhost:5173/node_modules/.vite/deps/react-dom_client.js?v=0c1ace27:7606:5)
    at commitPassiveMountOnFiber (http://localhost:5173/node_modules/.vite/deps/react-dom_client.js?v=0c1ace27:7672:14)
    at recursivelyTraversePassiveMountEffects (http://localhost:5173/node_modules/.vite/deps/react-dom_client.js?v=0c1ace27:7606:5)
[2m4:44:11 PM[22m [31m[1m[vite][22m[39m [31m[2m(client)[22m[39m [2m[console.error] [22mGreska pri ucitavanju omiljenih: TypeError: Failed to fetch
    at fetchFavorites (http://localhost:5173/src/pages/HomePage.jsx:54:27)
    at http://localhost:5173/src/pages/HomePage.jsx:31:4
    at Object.react_stack_bottom_frame (http://localhost:5173/node_modules/.vite/deps/react-dom_client.js?v=0c1ace27:12904:13)
    at runWithFiberInDEV (http://localhost:5173/node_modules/.vite/deps/react-dom_client.js?v=0c1ace27:851:66)
    at commitHookEffectListMount (http://localhost:5173/node_modules/.vite/deps/react-dom_client.js?v=0c1ace27:6617:153)
    at commitHookPassiveMountEffects (http://localhost:5173/node_modules/.vite/deps/react-dom_client.js?v=0c1ace27:6652:55)
    at reconnectPassiveEffects (http://localhost:5173/node_modules/.vite/deps/react-dom_client.js?v=0c1ace27:7701:6)
    at recursivelyTraverseReconnectPassiveEffects (http://localhost:5173/node_modules/.vite/deps/react-dom_client.js?v=0c1ace27:7688:5)
    at reconnectPassiveEffects (http://localhost:5173/node_modules/.vite/deps/react-dom_client.js?v=0c1ace27:7713:14)
    at recursivelyTraverseReconnectPassiveEffects (http://localhost:5173/node_modules/.vite/deps/react-dom_client.js?v=0c1ace27:7688:5)
[2m4:44:11 PM[22m [31m[1m[vite][22m[39m [31m[2m(client)[22m[39m [2m[console.error] [22mGreska pri ucitavanju dogadjaja: TypeError: Failed to fetch
    at fetchEvents (http://localhost:5173/src/api.js:72:25)
    at loadEvents (http://localhost:5173/src/pages/HomePage.jsx:36:32)
    at http://localhost:5173/src/pages/HomePage.jsx:27:3
    at Object.react_stack_bottom_frame (http://localhost:5173/node_modules/.vite/deps/react-dom_client.js?v=0c1ace27:12904:13)
    at runWithFiberInDEV (http://localhost:5173/node_modules/.vite/deps/react-dom_client.js?v=0c1ace27:851:66)
    at commitHookEffectListMount (http://localhost:5173/node_modules/.vite/deps/react-dom_client.js?v=0c1ace27:6617:153)
    at commitHookPassiveMountEffects (http://localhost:5173/node_modules/.vite/deps/react-dom_client.js?v=0c1ace27:6652:55)
    at reconnectPassiveEffects (http://localhost:5173/node_modules/.vite/deps/react-dom_client.js?v=0c1ace27:7701:6)
    at recursivelyTraverseReconnectPassiveEffects (http://localhost:5173/node_modules/.vite/deps/react-dom_client.js?v=0c1ace27:7688:5)
    at reconnectPassiveEffects (http://localhost:5173/node_modules/.vite/deps/react-dom_client.js?v=0c1ace27:7713:14)
[2m4:44:12 PM[22m [31m[1m[vite][22m[39m [31m[2m(client)[22m[39m [2m[console.error] [22mGreska pri ucitavanju omiljenih: TypeError: Failed to fetch
    at fetchFavorites (http://localhost:5173/src/pages/HomePage.jsx:54:27)
    at http://localhost:5173/src/pages/HomePage.jsx:31:4
    at Object.react_stack_bottom_frame (http://localhost:5173/node_modules/.vite/deps/react-dom_client.js?v=0c1ace27:12904:13)
    at runWithFiberInDEV (http://localhost:5173/node_modules/.vite/deps/react-dom_client.js?v=0c1ace27:851:66)
    at commitHookEffectListMount (http://localhost:5173/node_modules/.vite/deps/react-dom_client.js?v=0c1ace27:6617:153)
    at commitHookPassiveMountEffects (http://localhost:5173/node_modules/.vite/deps/react-dom_client.js?v=0c1ace27:6652:55)
    at commitPassiveMountOnFiber (http://localhost:5173/node_modules/.vite/deps/react-dom_client.js?v=0c1ace27:7618:22)
    at recursivelyTraversePassiveMountEffects (http://localhost:5173/node_modules/.vite/deps/react-dom_client.js?v=0c1ace27:7606:5)
    at commitPassiveMountOnFiber (http://localhost:5173/node_modules/.vite/deps/react-dom_client.js?v=0c1ace27:7672:14)
    at recursivelyTraversePassiveMountEffects (http://localhost:5173/node_modules/.vite/deps/react-dom_client.js?v=0c1ace27:7606:5)
[2m4:44:12 PM[22m [31m[1m[vite][22m[39m [31m[2m(client)[22m[39m [2m[console.error] [22mGreska pri ucitavanju omiljenih: TypeError: Failed to fetch
    at fetchFavorites (http://localhost:5173/src/pages/HomePage.jsx:54:27)
    at http://localhost:5173/src/pages/HomePage.jsx:31:4
    at Object.react_stack_bottom_frame (http://localhost:5173/node_modules/.vite/deps/react-dom_client.js?v=0c1ace27:12904:13)
    at runWithFiberInDEV (http://localhost:5173/node_modules/.vite/deps/react-dom_client.js?v=0c1ace27:851:66)
    at commitHookEffectListMount (http://localhost:5173/node_modules/.vite/deps/react-dom_client.js?v=0c1ace27:6617:153)
    at commitHookPassiveMountEffects (http://localhost:5173/node_modules/.vite/deps/react-dom_client.js?v=0c1ace27:6652:55)
    at reconnectPassiveEffects (http://localhost:5173/node_modules/.vite/deps/react-dom_client.js?v=0c1ace27:7701:6)
    at recursivelyTraverseReconnectPassiveEffects (http://localhost:5173/node_modules/.vite/deps/react-dom_client.js?v=0c1ace27:7688:5)
    at reconnectPassiveEffects (http://localhost:5173/node_modules/.vite/deps/react-dom_client.js?v=0c1ace27:7713:14)
    at recursivelyTraverseReconnectPassiveEffects (http://localhost:5173/node_modules/.vite/deps/react-dom_client.js?v=0c1ace27:7688:5)
[2m4:44:12 PM[22m [31m[1m[vite][22m[39m [31m[2m(client)[22m[39m [2m[console.error] [22mGreska pri ucitavanju dogadjaja: TypeError: Failed to fetch
    at fetchEvents (http://localhost:5173/src/api.js:72:25)
    at loadEvents (http://localhost:5173/src/pages/HomePage.jsx:36:32)
    at http://localhost:5173/src/pages/HomePage.jsx:27:3
    at Object.react_stack_bottom_frame (http://localhost:5173/node_modules/.vite/deps/react-dom_client.js?v=0c1ace27:12904:13)
    at runWithFiberInDEV (http://localhost:5173/node_modules/.vite/deps/react-dom_client.js?v=0c1ace27:851:66)
    at commitHookEffectListMount (http://localhost:5173/node_modules/.vite/deps/react-dom_client.js?v=0c1ace27:6617:153)
    at commitHookPassiveMountEffects (http://localhost:5173/node_modules/.vite/deps/react-dom_client.js?v=0c1ace27:6652:55)
    at commitPassiveMountOnFiber (http://localhost:5173/node_modules/.vite/deps/react-dom_client.js?v=0c1ace27:7618:22)
    at recursivelyTraversePassiveMountEffects (http://localhost:5173/node_modules/.vite/deps/react-dom_client.js?v=0c1ace27:7606:5)
    at commitPassiveMountOnFiber (http://localhost:5173/node_modules/.vite/deps/react-dom_client.js?v=0c1ace27:7672:14)
[2m4:44:12 PM[22m [31m[1m[vite][22m[39m [31m[2m(client)[22m[39m [2m[console.error] [22mGreska pri ucitavanju dogadjaja: TypeError: Failed to fetch
    at fetchEvents (http://localhost:5173/src/api.js:72:25)
    at loadEvents (http://localhost:5173/src/pages/HomePage.jsx:36:32)
    at http://localhost:5173/src/pages/HomePage.jsx:27:3
    at Object.react_stack_bottom_frame (http://localhost:5173/node_modules/.vite/deps/react-dom_client.js?v=0c1ace27:12904:13)
    at runWithFiberInDEV (http://localhost:5173/node_modules/.vite/deps/react-dom_client.js?v=0c1ace27:851:66)
    at commitHookEffectListMount (http://localhost:5173/node_modules/.vite/deps/react-dom_client.js?v=0c1ace27:6617:153)
    at commitHookPassiveMountEffects (http://localhost:5173/node_modules/.vite/deps/react-dom_client.js?v=0c1ace27:6652:55)
    at reconnectPassiveEffects (http://localhost:5173/node_modules/.vite/deps/react-dom_client.js?v=0c1ace27:7701:6)
    at recursivelyTraverseReconnectPassiveEffects (http://localhost:5173/node_modules/.vite/deps/react-dom_client.js?v=0c1ace27:7688:5)
    at reconnectPassiveEffects (http://localhost:5173/node_modules/.vite/deps/react-dom_client.js?v=0c1ace27:7713:14)
[2m4:44:13 PM[22m [31m[1m[vite][22m[39m [31m[2m(client)[22m[39m [2m[console.error] [22mGreska pri ucitavanju dogadjaja: TypeError: Failed to fetch
    at fetchEvents (http://localhost:5173/src/api.js:72:25)
    at loadEvents (http://localhost:5173/src/pages/HomePage.jsx:36:32)
    at http://localhost:5173/src/pages/HomePage.jsx:27:3
    at Object.react_stack_bottom_frame (http://localhost:5173/node_modules/.vite/deps/react-dom_client.js?v=0c1ace27:12904:13)
    at runWithFiberInDEV (http://localhost:5173/node_modules/.vite/deps/react-dom_client.js?v=0c1ace27:851:66)
    at commitHookEffectListMount (http://localhost:5173/node_modules/.vite/deps/react-dom_client.js?v=0c1ace27:6617:153)
    at commitHookPassiveMountEffects (http://localhost:5173/node_modules/.vite/deps/react-dom_client.js?v=0c1ace27:6652:55)
    at commitPassiveMountOnFiber (http://localhost:5173/node_modules/.vite/deps/react-dom_client.js?v=0c1ace27:7618:22)
    at recursivelyTraversePassiveMountEffects (http://localhost:5173/node_modules/.vite/deps/react-dom_client.js?v=0c1ace27:7606:5)
    at commitPassiveMountOnFiber (http://localhost:5173/node_modules/.vite/deps/react-dom_client.js?v=0c1ace27:7672:14)
[2m4:44:13 PM[22m [31m[1m[vite][22m[39m [31m[2m(client)[22m[39m [2m[console.error] [22mGreska pri ucitavanju omiljenih: TypeError: Failed to fetch
    at fetchFavorites (http://localhost:5173/src/pages/HomePage.jsx:54:27)
    at http://localhost:5173/src/pages/HomePage.jsx:31:4
    at Object.react_stack_bottom_frame (http://localhost:5173/node_modules/.vite/deps/react-dom_client.js?v=0c1ace27:12904:13)
    at runWithFiberInDEV (http://localhost:5173/node_modules/.vite/deps/react-dom_client.js?v=0c1ace27:851:66)
    at commitHookEffectListMount (http://localhost:5173/node_modules/.vite/deps/react-dom_client.js?v=0c1ace27:6617:153)
    at commitHookPassiveMountEffects (http://localhost:5173/node_modules/.vite/deps/react-dom_client.js?v=0c1ace27:6652:55)
    at commitPassiveMountOnFiber (http://localhost:5173/node_modules/.vite/deps/react-dom_client.js?v=0c1ace27:7618:22)
    at recursivelyTraversePassiveMountEffects (http://localhost:5173/node_modules/.vite/deps/react-dom_client.js?v=0c1ace27:7606:5)
    at commitPassiveMountOnFiber (http://localhost:5173/node_modules/.vite/deps/react-dom_client.js?v=0c1ace27:7672:14)
    at recursivelyTraversePassiveMountEffects (http://localhost:5173/node_modules/.vite/deps/react-dom_client.js?v=0c1ace27:7606:5)
[2m4:44:14 PM[22m [31m[1m[vite][22m[39m [31m[2m(client)[22m[39m [2m[console.error] [22mGreska pri ucitavanju dogadjaja: TypeError: Failed to fetch
    at fetchEvents (http://localhost:5173/src/api.js:72:25)
    at loadEvents (http://localhost:5173/src/pages/HomePage.jsx:36:32)
    at http://localhost:5173/src/pages/HomePage.jsx:27:3
    at Object.react_stack_bottom_frame (http://localhost:5173/node_modules/.vite/deps/react-dom_client.js?v=0c1ace27:12904:13)
    at runWithFiberInDEV (http://localhost:5173/node_modules/.vite/deps/react-dom_client.js?v=0c1ace27:851:66)
    at commitHookEffectListMount (http://localhost:5173/node_modules/.vite/deps/react-dom_client.js?v=0c1ace27:6617:153)
    at commitHookPassiveMountEffects (http://localhost:5173/node_modules/.vite/deps/react-dom_client.js?v=0c1ace27:6652:55)
    at reconnectPassiveEffects (http://localhost:5173/node_modules/.vite/deps/react-dom_client.js?v=0c1ace27:7701:6)
    at recursivelyTraverseReconnectPassiveEffects (http://localhost:5173/node_modules/.vite/deps/react-dom_client.js?v=0c1ace27:7688:5)
    at reconnectPassiveEffects (http://localhost:5173/node_modules/.vite/deps/react-dom_client.js?v=0c1ace27:7713:14)
[2m4:44:14 PM[22m [31m[1m[vite][22m[39m [31m[2m(client)[22m[39m [2m[console.error] [22mGreska pri ucitavanju omiljenih: TypeError: Failed to fetch
    at fetchFavorites (http://localhost:5173/src/pages/HomePage.jsx:54:27)
    at http://localhost:5173/src/pages/HomePage.jsx:31:4
    at Object.react_stack_bottom_frame (http://localhost:5173/node_modules/.vite/deps/react-dom_client.js?v=0c1ace27:12904:13)
    at runWithFiberInDEV (http://localhost:5173/node_modules/.vite/deps/react-dom_client.js?v=0c1ace27:851:66)
    at commitHookEffectListMount (http://localhost:5173/node_modules/.vite/deps/react-dom_client.js?v=0c1ace27:6617:153)
    at commitHookPassiveMountEffects (http://localhost:5173/node_modules/.vite/deps/react-dom_client.js?v=0c1ace27:6652:55)
    at reconnectPassiveEffects (http://localhost:5173/node_modules/.vite/deps/react-dom_client.js?v=0c1ace27:7701:6)
    at recursivelyTraverseReconnectPassiveEffects (http://localhost:5173/node_modules/.vite/deps/react-dom_client.js?v=0c1ace27:7688:5)
    at reconnectPassiveEffects (http://localhost:5173/node_modules/.vite/deps/react-dom_client.js?v=0c1ace27:7713:14)
    at recursivelyTraverseReconnectPassiveEffects (http://localhost:5173/node_modules/.vite/deps/react-dom_client.js?v=0c1ace27:7688:5)
[2m4:45:31 PM[22m [31m[1m[vite][22m[39m [31m[2m(client)[22m[39m [2m[console.error] [22mGreska pri ucitavanju dogadjaja: Error: Dogadjaji nisu dostupni
    at fetchEvents (http://localhost:5173/src/api.js:73:26)
    at async loadEvents (http://localhost:5173/src/pages/HomePage.jsx:36:26)
[2m4:45:31 PM[22m [31m[1m[vite][22m[39m [31m[2m(client)[22m[39m [2m[console.error] [22mGreska pri ucitavanju dogadjaja: Error: Dogadjaji nisu dostupni
    at fetchEvents (http://localhost:5173/src/api.js:73:26)
    at async loadEvents (http://localhost:5173/src/pages/HomePage.jsx:36:26)
[2m4:45:33 PM[22m [31m[1m[vite][22m[39m [31m[2m(client)[22m[39m [2m[console.error] [22mGreska pri ucitavanju dogadjaja: Error: Dogadjaji nisu dostupni
    at fetchEvents (http://localhost:5173/src/api.js:73:26)
    at async loadEvents (http://localhost:5173/src/pages/HomePage.jsx:36:26)
[2m4:45:33 PM[22m [31m[1m[vite][22m[39m [31m[2m(client)[22m[39m [2m[console.error] [22mGreska pri ucitavanju dogadjaja: Error: Dogadjaji nisu dostupni
    at fetchEvents (http://localhost:5173/src/api.js:73:26)
    at async loadEvents (http://localhost:5173/src/pages/HomePage.jsx:36:26)
[2m4:46:20 PM[22m [31m[1m[vite][22m[39m [31m[2m(client)[22m[39m [2m[console.error] [22mGreska pri ucitavanju dogadjaja: TypeError: Failed to fetch
    at fetchEvents (http://localhost:5173/src/api.js:72:25)
    at loadEvents (http://localhost:5173/src/pages/HomePage.jsx:36:32)
    at http://localhost:5173/src/pages/HomePage.jsx:27:3
    at Object.react_stack_bottom_frame (http://localhost:5173/node_modules/.vite/deps/react-dom_client.js?v=0c1ace27:12904:13)
    at runWithFiberInDEV (http://localhost:5173/node_modules/.vite/deps/react-dom_client.js?v=0c1ace27:851:66)
    at commitHookEffectListMount (http://localhost:5173/node_modules/.vite/deps/react-dom_client.js?v=0c1ace27:6617:153)
    at commitHookPassiveMountEffects (http://localhost:5173/node_modules/.vite/deps/react-dom_client.js?v=0c1ace27:6652:55)
    at commitPassiveMountOnFiber (http://localhost:5173/node_modules/.vite/deps/react-dom_client.js?v=0c1ace27:7618:22)
    at recursivelyTraversePassiveMountEffects (http://localhost:5173/node_modules/.vite/deps/react-dom_client.js?v=0c1ace27:7606:5)
    at commitPassiveMountOnFiber (http://localhost:5173/node_modules/.vite/deps/react-dom_client.js?v=0c1ace27:7672:14)
[2m4:46:20 PM[22m [31m[1m[vite][22m[39m [31m[2m(client)[22m[39m [2m[console.error] [22mGreska pri ucitavanju omiljenih: TypeError: Failed to fetch
    at fetchFavorites (http://localhost:5173/src/pages/HomePage.jsx:54:27)
    at http://localhost:5173/src/pages/HomePage.jsx:31:4
    at Object.react_stack_bottom_frame (http://localhost:5173/node_modules/.vite/deps/react-dom_client.js?v=0c1ace27:12904:13)
    at runWithFiberInDEV (http://localhost:5173/node_modules/.vite/deps/react-dom_client.js?v=0c1ace27:851:66)
    at commitHookEffectListMount (http://localhost:5173/node_modules/.vite/deps/react-dom_client.js?v=0c1ace27:6617:153)
    at commitHookPassiveMountEffects (http://localhost:5173/node_modules/.vite/deps/react-dom_client.js?v=0c1ace27:6652:55)
    at commitPassiveMountOnFiber (http://localhost:5173/node_modules/.vite/deps/react-dom_client.js?v=0c1ace27:7618:22)
    at recursivelyTraversePassiveMountEffects (http://localhost:5173/node_modules/.vite/deps/react-dom_client.js?v=0c1ace27:7606:5)
    at commitPassiveMountOnFiber (http://localhost:5173/node_modules/.vite/deps/react-dom_client.js?v=0c1ace27:7672:14)
    at recursivelyTraversePassiveMountEffects (http://localhost:5173/node_modules/.vite/deps/react-dom_client.js?v=0c1ace27:7606:5)
[2m4:46:21 PM[22m [31m[1m[vite][22m[39m [31m[2m(client)[22m[39m [2m[console.error] [22mGreska pri ucitavanju dogadjaja: TypeError: Failed to fetch
    at fetchEvents (http://localhost:5173/src/api.js:72:25)
    at loadEvents (http://localhost:5173/src/pages/HomePage.jsx:36:32)
    at http://localhost:5173/src/pages/HomePage.jsx:27:3
    at Object.react_stack_bottom_frame (http://localhost:5173/node_modules/.vite/deps/react-dom_client.js?v=0c1ace27:12904:13)
    at runWithFiberInDEV (http://localhost:5173/node_modules/.vite/deps/react-dom_client.js?v=0c1ace27:851:66)
    at commitHookEffectListMount (http://localhost:5173/node_modules/.vite/deps/react-dom_client.js?v=0c1ace27:6617:153)
    at commitHookPassiveMountEffects (http://localhost:5173/node_modules/.vite/deps/react-dom_client.js?v=0c1ace27:6652:55)
    at reconnectPassiveEffects (http://localhost:5173/node_modules/.vite/deps/react-dom_client.js?v=0c1ace27:7701:6)
    at recursivelyTraverseReconnectPassiveEffects (http://localhost:5173/node_modules/.vite/deps/react-dom_client.js?v=0c1ace27:7688:5)
    at reconnectPassiveEffects (http://localhost:5173/node_modules/.vite/deps/react-dom_client.js?v=0c1ace27:7713:14)
[2m4:46:23 PM[22m [31m[1m[vite][22m[39m [31m[2m(client)[22m[39m [2m[console.error] [22mGreska pri ucitavanju omiljenih: TypeError: Failed to fetch
    at fetchFavorites (http://localhost:5173/src/pages/HomePage.jsx:54:27)
    at http://localhost:5173/src/pages/HomePage.jsx:31:4
    at Object.react_stack_bottom_frame (http://localhost:5173/node_modules/.vite/deps/react-dom_client.js?v=0c1ace27:12904:13)
    at runWithFiberInDEV (http://localhost:5173/node_modules/.vite/deps/react-dom_client.js?v=0c1ace27:851:66)
    at commitHookEffectListMount (http://localhost:5173/node_modules/.vite/deps/react-dom_client.js?v=0c1ace27:6617:153)
    at commitHookPassiveMountEffects (http://localhost:5173/node_modules/.vite/deps/react-dom_client.js?v=0c1ace27:6652:55)
    at reconnectPassiveEffects (http://localhost:5173/node_modules/.vite/deps/react-dom_client.js?v=0c1ace27:7701:6)
    at recursivelyTraverseReconnectPassiveEffects (http://localhost:5173/node_modules/.vite/deps/react-dom_client.js?v=0c1ace27:7688:5)
    at reconnectPassiveEffects (http://localhost:5173/node_modules/.vite/deps/react-dom_client.js?v=0c1ace27:7713:14)
    at recursivelyTraverseReconnectPassiveEffects (http://localhost:5173/node_modules/.vite/deps/react-dom_client.js?v=0c1ace27:7688:5)
[2m4:47:22 PM[22m [31m[1m[vite][22m[39m [31m[2m(client)[22m[39m [2m[console.error] [22mGreska pri ucitavanju dogadjaja: TypeError: Failed to fetch
    at fetchEvents (http://localhost:5173/src/api.js:72:25)
    at loadEvents (http://localhost:5173/src/pages/HomePage.jsx:36:32)
    at http://localhost:5173/src/pages/HomePage.jsx:27:3
    at Object.react_stack_bottom_frame (http://localhost:5173/node_modules/.vite/deps/react-dom_client.js?v=0c1ace27:12904:13)
    at runWithFiberInDEV (http://localhost:5173/node_modules/.vite/deps/react-dom_client.js?v=0c1ace27:851:66)
    at commitHookEffectListMount (http://localhost:5173/node_modules/.vite/deps/react-dom_client.js?v=0c1ace27:6617:153)
    at commitHookPassiveMountEffects (http://localhost:5173/node_modules/.vite/deps/react-dom_client.js?v=0c1ace27:6652:55)
    at commitPassiveMountOnFiber (http://localhost:5173/node_modules/.vite/deps/react-dom_client.js?v=0c1ace27:7618:22)
    at recursivelyTraversePassiveMountEffects (http://localhost:5173/node_modules/.vite/deps/react-dom_client.js?v=0c1ace27:7606:5)
    at commitPassiveMountOnFiber (http://localhost:5173/node_modules/.vite/deps/react-dom_client.js?v=0c1ace27:7672:14)
[2m4:47:22 PM[22m [31m[1m[vite][22m[39m [31m[2m(client)[22m[39m [2m[console.error] [22mGreska pri ucitavanju omiljenih: TypeError: Failed to fetch
    at fetchFavorites (http://localhost:5173/src/pages/HomePage.jsx:54:27)
    at http://localhost:5173/src/pages/HomePage.jsx:31:4
    at Object.react_stack_bottom_frame (http://localhost:5173/node_modules/.vite/deps/react-dom_client.js?v=0c1ace27:12904:13)
    at runWithFiberInDEV (http://localhost:5173/node_modules/.vite/deps/react-dom_client.js?v=0c1ace27:851:66)
    at commitHookEffectListMount (http://localhost:5173/node_modules/.vite/deps/react-dom_client.js?v=0c1ace27:6617:153)
    at commitHookPassiveMountEffects (http://localhost:5173/node_modules/.vite/deps/react-dom_client.js?v=0c1ace27:6652:55)
    at commitPassiveMountOnFiber (http://localhost:5173/node_modules/.vite/deps/react-dom_client.js?v=0c1ace27:7618:22)
    at recursivelyTraversePassiveMountEffects (http://localhost:5173/node_modules/.vite/deps/react-dom_client.js?v=0c1ace27:7606:5)
    at commitPassiveMountOnFiber (http://localhost:5173/node_modules/.vite/deps/react-dom_client.js?v=0c1ace27:7672:14)
    at recursivelyTraversePassiveMountEffects (http://localhost:5173/node_modules/.vite/deps/react-dom_client.js?v=0c1ace27:7606:5)
[2m4:47:22 PM[22m [31m[1m[vite][22m[39m [31m[2m(client)[22m[39m [2m[console.error] [22mGreska pri ucitavanju dogadjaja: TypeError: Failed to fetch
    at fetchEvents (http://localhost:5173/src/api.js:72:25)
    at loadEvents (http://localhost:5173/src/pages/HomePage.jsx:36:32)
    at http://localhost:5173/src/pages/HomePage.jsx:27:3
    at Object.react_stack_bottom_frame (http://localhost:5173/node_modules/.vite/deps/react-dom_client.js?v=0c1ace27:12904:13)
    at runWithFiberInDEV (http://localhost:5173/node_modules/.vite/deps/react-dom_client.js?v=0c1ace27:851:66)
    at commitHookEffectListMount (http://localhost:5173/node_modules/.vite/deps/react-dom_client.js?v=0c1ace27:6617:153)
    at commitHookPassiveMountEffects (http://localhost:5173/node_modules/.vite/deps/react-dom_client.js?v=0c1ace27:6652:55)
    at reconnectPassiveEffects (http://localhost:5173/node_modules/.vite/deps/react-dom_client.js?v=0c1ace27:7701:6)
    at recursivelyTraverseReconnectPassiveEffects (http://localhost:5173/node_modules/.vite/deps/react-dom_client.js?v=0c1ace27:7688:5)
    at reconnectPassiveEffects (http://localhost:5173/node_modules/.vite/deps/react-dom_client.js?v=0c1ace27:7713:14)
[2m4:47:24 PM[22m [31m[1m[vite][22m[39m [31m[2m(client)[22m[39m [2m[console.error] [22mGreska pri ucitavanju omiljenih: TypeError: Failed to fetch
    at fetchFavorites (http://localhost:5173/src/pages/HomePage.jsx:54:27)
    at http://localhost:5173/src/pages/HomePage.jsx:31:4
    at Object.react_stack_bottom_frame (http://localhost:5173/node_modules/.vite/deps/react-dom_client.js?v=0c1ace27:12904:13)
    at runWithFiberInDEV (http://localhost:5173/node_modules/.vite/deps/react-dom_client.js?v=0c1ace27:851:66)
    at commitHookEffectListMount (http://localhost:5173/node_modules/.vite/deps/react-dom_client.js?v=0c1ace27:6617:153)
    at commitHookPassiveMountEffects (http://localhost:5173/node_modules/.vite/deps/react-dom_client.js?v=0c1ace27:6652:55)
    at reconnectPassiveEffects (http://localhost:5173/node_modules/.vite/deps/react-dom_client.js?v=0c1ace27:7701:6)
    at recursivelyTraverseReconnectPassiveEffects (http://localhost:5173/node_modules/.vite/deps/react-dom_client.js?v=0c1ace27:7688:5)
    at reconnectPassiveEffects (http://localhost:5173/node_modules/.vite/deps/react-dom_client.js?v=0c1ace27:7713:14)
    at recursivelyTraverseReconnectPassiveEffects (http://localhost:5173/node_modules/.vite/deps/react-dom_client.js?v=0c1ace27:7688:5)
