[INFO] Scanning for projects...
[INFO] 
[INFO] --------------------------< com.example:demo >--------------------------
[INFO] Building demo 0.0.1-SNAPSHOT
[INFO]   from pom.xml
[INFO] --------------------------------[ jar ]---------------------------------
[INFO] 
[INFO] >>> spring-boot:4.0.3:run (default-cli) > test-compile @ demo >>>
[INFO] 
[INFO] --- resources:3.3.1:resources (default-resources) @ demo ---
[INFO] Copying 1 resource from src\main\resources to target\classes
[INFO] Copying 0 resource from src\main\resources to target\classes
[INFO] 
[INFO] --- compiler:3.14.1:compile (default-compile) @ demo ---
[INFO] Nothing to compile - all classes are up to date.
[INFO] 
[INFO] --- resources:3.3.1:testResources (default-testResources) @ demo ---
[INFO] skip non existing resourceDirectory C:\Users\User\OneDrive\Desktop\TvojGrad\TvojGrad beckend\src\test\resources
[INFO] 
[INFO] --- compiler:3.14.1:testCompile (default-testCompile) @ demo ---
[INFO] Nothing to compile - all classes are up to date.
[INFO] 
[INFO] <<< spring-boot:4.0.3:run (default-cli) < test-compile @ demo <<<
[INFO] 
[INFO] 
[INFO] --- spring-boot:4.0.3:run (default-cli) @ demo ---
[INFO] Attaching agents: []

  .   ____          _            __ _ _
 /\\ / ___'_ __ _ _(_)_ __  __ _ \ \ \ \
( ( )\___ | '_ | '_| | '_ \/ _` | \ \ \ \
 \\/  ___)| |_)| | | | | || (_| |  ) ) ) )
  '  |____| .__|_| |_|_| |_\__, | / / / /
 =========|_|==============|___/=/_/_/_/

 :: Spring Boot ::                (v4.0.3)

2026-06-28T00:24:45.045+02:00  INFO 5440 --- [TvojGrad] [           main] c.example.TvojGrad.TvojGradApplication   : Starting TvojGradApplication using Java 21.0.11 with PID 5440 (C:\Users\User\OneDrive\Desktop\TvojGrad\TvojGrad beckend\target\classes started by User in C:\Users\User\OneDrive\Desktop\TvojGrad\TvojGrad beckend)
2026-06-28T00:24:45.051+02:00  INFO 5440 --- [TvojGrad] [           main] c.example.TvojGrad.TvojGradApplication   : No active profile set, falling back to 1 default profile: "default"
2026-06-28T00:24:46.009+02:00  INFO 5440 --- [TvojGrad] [           main] o.s.boot.tomcat.TomcatWebServer          : Tomcat initialized with port 8080 (http)
2026-06-28T00:24:46.027+02:00  INFO 5440 --- [TvojGrad] [           main] o.apache.catalina.core.StandardService   : Starting service [Tomcat]
2026-06-28T00:24:46.027+02:00  INFO 5440 --- [TvojGrad] [           main] o.apache.catalina.core.StandardEngine    : Starting Servlet engine: [Apache Tomcat/11.0.18]
2026-06-28T00:24:46.100+02:00  INFO 5440 --- [TvojGrad] [           main] b.w.c.s.WebApplicationContextInitializer : Root WebApplicationContext: initialization completed in 974 ms
2026-06-28T00:24:46.568+02:00  INFO 5440 --- [TvojGrad] [           main] o.s.m.s.b.SimpleBrokerMessageHandler     : Starting...
2026-06-28T00:24:46.568+02:00  INFO 5440 --- [TvojGrad] [           main] o.s.m.s.b.SimpleBrokerMessageHandler     : BrokerAvailabilityEvent[available=true, SimpleBrokerMessageHandler [org.springframework.messaging.simp.broker.DefaultSubscriptionRegistry@58af5076]]
2026-06-28T00:24:46.568+02:00  INFO 5440 --- [TvojGrad] [           main] o.s.m.s.b.SimpleBrokerMessageHandler     : Started.
2026-06-28T00:24:46.601+02:00  INFO 5440 --- [TvojGrad] [           main] o.s.boot.tomcat.TomcatWebServer          : Tomcat started on port 8080 (http) with context path '/'
2026-06-28T00:24:46.611+02:00  INFO 5440 --- [TvojGrad] [           main] c.example.TvojGrad.TvojGradApplication   : Started TvojGradApplication in 2.023 seconds (process running for 2.393)
2026-06-28T00:24:46.694+02:00  INFO 5440 --- [TvojGrad] [0.0-8080-exec-2] o.a.c.c.C.[Tomcat].[localhost].[/]       : Initializing Spring DispatcherServlet 'dispatcherServlet'
2026-06-28T00:24:46.695+02:00  INFO 5440 --- [TvojGrad] [0.0-8080-exec-2] o.s.web.servlet.DispatcherServlet        : Initializing Servlet 'dispatcherServlet'
2026-06-28T00:24:46.697+02:00  INFO 5440 --- [TvojGrad] [0.0-8080-exec-2] o.s.web.servlet.DispatcherServlet        : Completed initialization in 2 ms
2026-06-28T00:25:46.569+02:00  INFO 5440 --- [TvojGrad] [MessageBroker-8] o.s.w.s.c.WebSocketMessageBrokerStats    : WebSocketSession[41 current WS(41)-HttpStream(0)-HttpPoll(0), 42 total, 0 closed abnormally (0 connect failure, 0 send limit, 0 transport error)], stompSubProtocol[processed CONNECT(42)-CONNECTED(42)-DISCONNECT(1)], stompBrokerRelay[null], inboundChannel[pool size = 16, active threads = 0, queued tasks = 0, completed tasks = 414], outboundChannel[pool size = 16, active threads = 0, queued tasks = 0, completed tasks = 44], sockJsScheduler[pool size = 8, active threads = 1, queued tasks = 42, completed tasks = 67]
[INFO] ------------------------------------------------------------------------
[INFO] BUILD FAILURE
[INFO] ------------------------------------------------------------------------
[INFO] Total time:  13:38 min
[INFO] Finished at: 2026-06-28T00:38:18+02:00
[INFO] ------------------------------------------------------------------------
[ERROR] Failed to execute goal org.springframework.boot:spring-boot-maven-plugin:4.0.3:run (default-cli) on project demo: Process terminated with exit code: -1 -> [Help 1]
[ERROR] 
[ERROR] To see the full stack trace of the errors, re-run Maven with the -e switch.
[ERROR] Re-run Maven using the -X switch to enable full debug logging.
[ERROR] 
[ERROR] For more information about the errors and possible solutions, please read the following articles:
[ERROR] [Help 1] http://cwiki.apache.org/confluence/display/MAVEN/MojoExecutionException
